{"/home/curso/workspace/otros/os_info.js": {"path":"/home/curso/workspace/otros/os_info.js","statementMap":{"0":{"start":{"line":4,"column":11},"end":{"line":4,"column":24}},"1":{"start":{"line":6,"column":17},"end":{"line":6,"column":41}},"2":{"start":{"line":10,"column":0},"end":{"line":10,"column":52}},"3":{"start":{"line":11,"column":0},"end":{"line":11,"column":34}},"4":{"start":{"line":13,"column":0},"end":{"line":13,"column":60}},"5":{"start":{"line":14,"column":0},"end":{"line":40,"column":3}},"6":{"start":{"line":42,"column":0},"end":{"line":42,"column":64}},"7":{"start":{"line":43,"column":26},"end":{"line":43,"column":55}},"8":{"start":{"line":44,"column":0},"end":{"line":44,"column":101}},"9":{"start":{"line":45,"column":0},"end":{"line":45,"column":60}},"10":{"start":{"line":46,"column":0},"end":{"line":46,"column":60}},"11":{"start":{"line":47,"column":0},"end":{"line":47,"column":39}},"12":{"start":{"line":48,"column":0},"end":{"line":48,"column":73}},"13":{"start":{"line":49,"column":0},"end":{"line":49,"column":71}},"14":{"start":{"line":50,"column":0},"end":{"line":50,"column":91}},"15":{"start":{"line":51,"column":0},"end":{"line":51,"column":89}},"16":{"start":{"line":53,"column":0},"end":{"line":53,"column":55}},"17":{"start":{"line":55,"column":0},"end":{"line":55,"column":68}},"18":{"start":{"line":56,"column":0},"end":{"line":56,"column":58}},"19":{"start":{"line":57,"column":0},"end":{"line":57,"column":61}},"20":{"start":{"line":58,"column":0},"end":{"line":58,"column":47}},"21":{"start":{"line":59,"column":0},"end":{"line":59,"column":63}},"22":{"start":{"line":61,"column":0},"end":{"line":61,"column":56}},"23":{"start":{"line":63,"column":0},"end":{"line":69,"column":3}},"24":{"start":{"line":64,"column":2},"end":{"line":67,"column":3}},"25":{"start":{"line":65,"column":4},"end":{"line":65,"column":60}},"26":{"start":{"line":66,"column":4},"end":{"line":66,"column":11}},"27":{"start":{"line":68,"column":2},"end":{"line":68,"column":52}},"28":{"start":{"line":72,"column":0},"end":{"line":74,"column":2}}},"fnMap":{"0":{"name":"getSystemInfo","decl":{"start":{"line":8,"column":9},"end":{"line":8,"column":22}},"loc":{"start":{"line":8,"column":25},"end":{"line":70,"column":1}},"line":8},"1":{"name":"(anonymous_1)","decl":{"start":{"line":63,"column":20},"end":{"line":63,"column":21}},"loc":{"start":{"line":63,"column":47},"end":{"line":69,"column":1}},"line":63}},"branchMap":{"0":{"loc":{"start":{"line":64,"column":2},"end":{"line":67,"column":3}},"type":"if","locations":[{"start":{"line":64,"column":2},"end":{"line":67,"column":3}},{"start":{},"end":{}}],"line":64}},"s":{"0":1,"1":1,"2":8,"3":8,"4":8,"5":8,"6":8,"7":8,"8":7,"9":7,"10":7,"11":7,"12":7,"13":7,"14":7,"15":7,"16":7,"17":7,"18":7,"19":7,"20":7,"21":7,"22":7,"23":7,"24":2,"25":1,"26":1,"27":1,"28":1},"f":{"0":8,"1":2},"b":{"0":[1,1]},"_coverageSchema":"1a1c01bbd47fc00a2c39e90264f33305004495a9","hash":"3fff94c9a03670629be049185ddac3be1bdfa150"}
}
